дек. 09, 2022 3:20:20 PM hw1 main
WARNING: Запуск программы

дек. 09, 2022 3:20:22 PM hw1 main
INFO: Ввод элементов массива пользователя завершен

Элемент 2 меняется местами с элементом 4
В 'пузырек' кладем значение 4
Массив преобразован в 2 4 1 
Элемент 1 меняется местами с элементом 4
В 'пузырек' кладем значение 4
Массив преобразован в 2 1 4 
Элемент 1 меняется местами с элементом 2
В 'пузырек' кладем значение 2
Массив преобразован в 1 2 4 
4 >= 2. Кладем значение 4 в 'пузырек' и переходим к нему
Массив преобразован в 1 2 4 
2 >= 1. Кладем значение 2 в 'пузырек' и переходим к нему
Массив преобразован в 1 2 4 
4 >= 2. Кладем значение 4 в 'пузырек' и переходим к нему
Массив преобразован в 1 2 4 
дек. 09, 2022 3:20:22 PM hw1 main
INFO: Сортировка массива завершена

дек. 09, 2022 3:20:22 PM hw1 main
INFO: Вывод отсортированного массива

